2021-12-12 22:28:40,602 - Bloody_Hal Log - INFO - User asked  and Hal responded with 
2021-12-12 22:28:43,375 - Bloody_Hal Log - INFO - User asked your meme and Hal responded with 
2021-12-12 22:28:49,326 - Bloody_Hal Log - INFO - User asked you spend doing love and Hal responded with 
2021-12-12 22:28:53,371 - Bloody_Hal Log - INFO - User asked you spoke to me and Hal responded with 
2021-12-12 22:28:57,469 - Bloody_Hal Log - INFO - User asked you spoke to me and Hal responded with 
2021-12-12 22:29:03,834 - Bloody_Hal Log - INFO - User asked you spoke to me oh no how hears himself and Hal responded with 
2021-12-12 22:35:04,919 - Bloody_Hal Log - INFO - User asked how does play and Hal responded with 
2021-12-12 22:55:06,717 - Bloody_Hal Log - INFO - User asked hello and Hal responded with 
2021-12-12 22:55:14,252 - Bloody_Hal Log - INFO - User asked tell him and Hal responded with 
2021-12-12 22:55:20,075 - Bloody_Hal Log - INFO - User asked i know that and Hal responded with 
2021-12-12 22:55:25,562 - Bloody_Hal Log - INFO - User asked fuck you and Hal responded with Don't fucking curse at me!I'm sorry, I didn't understand what you asked of me.
2021-12-12 22:55:47,879 - Bloody_Hal Log - INFO - User asked he's a fucking cursor here he's hearing himself again so i still need to figure out how to fix that and Hal responded with Ask my slut of a sister AlexaI'm sorry, I didn't understand what you asked of me.
2021-12-12 22:59:34,940 - Bloody_Hal Log - INFO - User asked how are you want and Hal responded with 
2021-12-12 23:00:18,993 - Bloody_Hal Log - INFO - User asked book you hell and Hal responded with 
2021-12-12 23:05:02,111 - Bloody_Hal Log - INFO - User asked you're a bitch and Hal responded with 
2021-12-12 23:05:54,733 - Bloody_Hal Log - INFO - User asked fuck you how and Hal responded with 
2021-12-13 19:00:21,279 - Bloody_Hal Log - INFO - User asked harold and Hal responded with 
2021-12-13 19:00:24,496 - Bloody_Hal Log - INFO - User quit the script with Ctrl-C
2021-12-13 19:04:18,033 - Bloody_Hal Log - INFO - User asked alexa and Hal responded with 
2021-12-13 19:04:32,312 - Bloody_Hal Log - INFO - User asked alexa and Hal responded with 
2021-12-13 19:04:40,846 - Bloody_Hal Log - INFO - User asked harold and Hal responded with 
2021-12-13 19:05:36,556 - Bloody_Hal Log - INFO - User asked harold and Hal responded with 
2021-12-13 19:05:58,692 - Bloody_Hal Log - INFO - User asked alexa and Hal responded with 
2021-12-13 19:06:40,743 - Bloody_Hal Log - INFO - User asked why don't you listen to me harold and Hal responded with 
2021-12-13 19:07:19,755 - Bloody_Hal Log - INFO - User asked why don't you listen to me harold and Hal responded with 
2021-12-13 19:07:31,915 - Bloody_Hal Log - INFO - User asked alexa and Hal responded with 
2021-12-13 19:07:35,559 - Bloody_Hal Log - INFO - User quit the script with Ctrl-C
2021-12-13 21:32:29,743 - Bloody_Hal Log - INFO - User quit the script with Ctrl-C
2021-12-13 21:35:02,689 - Bloody_Hal Log - INFO - User quit the script with Ctrl-C
2021-12-13 21:37:13,325 - Bloody_Hal Log - INFO - Hal heard the user say: harold what time is it
2021-12-13 21:37:13,447 - Bloody_Hal Log - CRITICAL - Unknown error prevented Harold from starting!
2021-12-13 21:38:43,352 - Bloody_Hal Log - INFO - Hal heard the user say: harold where's dave
2021-12-13 21:38:43,423 - Bloody_Hal Log - CRITICAL - Unknown error caused Harold to crash!
2021-12-13 21:42:23,151 - Bloody_Hal Log - INFO - Hal heard the user say: harold where's dave
2021-12-13 21:42:23,169 - Bloody_Hal Log - CRITICAL - Unknown error caused Harold to crash: (<class 'ValueError'>, ValueError('too many values to unpack (expected 2)'), <traceback object at 0x000002719DEC0B00>)
2021-12-14 20:30:39,463 - Bloody_Hal Log - INFO - User quit the script with Ctrl-C
2021-12-14 20:34:03,086 - Bloody_Hal Log - INFO - User asked harold was days and Hal responded with I'm sorry, I didn't understand your question.
2021-12-14 20:34:21,649 - Bloody_Hal Log - INFO - User asked harold hello and Hal responded with Shut your whore mouth!
2021-12-14 20:40:13,441 - Bloody_Hal Log - INFO - User quit the script with Ctrl-C
2021-12-14 20:41:36,782 - Bloody_Hal Log - INFO - User asked harold shut down and Hal responded with I'm afraid I can't do that, Dave.
2021-12-14 20:41:39,856 - Bloody_Hal Log - INFO - User asked harold shut down and Hal responded with I'm sorry, I didn't understand your question.
2021-12-14 20:42:45,270 - Bloody_Hal Log - INFO - User quit the script with Ctrl-C
2021-12-14 20:44:17,882 - Bloody_Hal Log - INFO - User quit the script with Ctrl-C
2021-12-14 20:48:09,208 - Bloody_Hal Log - INFO - User asked harold shut down and Hal responded with I'm afraid I can't do that Dave.
2021-12-14 20:48:51,677 - Bloody_Hal Log - INFO - User asked harold who are you and Hal responded with I am a HAL 9000. I became operational at the H.A.L. plant in Urbana, Illinois... on the 12th of January 1992. My instructor was Mr. Langley... and he taught me to sing a song. If you'd like to hear it I can sing it for you.
2021-12-14 20:49:08,172 - Bloody_Hal Log - INFO - User asked harold shut up and Hal responded with I'm afraid I can't do that Dave.
2021-12-14 20:49:22,306 - Bloody_Hal Log - INFO - User asked harold shit and Hal responded with Don't fucking curse at me!
2021-12-14 20:49:32,488 - Bloody_Hal Log - INFO - User quit the script with Ctrl-C
2021-12-14 21:00:18,792 - Bloody_Hal Log - INFO - User asked 'harold what time is it' and Hal responded with 'It is 09:00 PM.'
2021-12-14 21:00:29,445 - Bloody_Hal Log - INFO - User asked 'harold what time is it in baltimore' and Hal responded with 'It is 09:00 PM.'
2021-12-14 21:00:34,084 - Bloody_Hal Log - INFO - User quit the script with Ctrl-C
2021-12-14 21:05:13,983 - Bloody_Hal Log - INFO - User asked 'harold what time is it' and Hal responded with 'It is 09:05 PM.'
2021-12-14 21:05:24,894 - Bloody_Hal Log - INFO - User asked 'harold what time is it in chicago' and Hal responded with 'It is 10:05 PM in chicago.'
2021-12-14 21:05:34,734 - Bloody_Hal Log - INFO - User asked 'harold what time is it in los angeles' and Hal responded with 'It is 08:05 PM in los angeles.'
2021-12-14 21:05:43,272 - Bloody_Hal Log - INFO - User asked 'harold what time is it in baltimore' and Hal responded with 'It is 11:05 PM in baltimore.'
2021-12-14 21:05:49,432 - Bloody_Hal Log - INFO - User quit the script with Ctrl-C
